[2026-01-27 09:46:19,595] 29 root - INFO - Data Ingestion started
[2026-01-27 09:46:19,602] 32 root - INFO - Dataset read as pandas dataframe
[2026-01-27 09:46:19,606] 37 root - INFO - Raw data saved
[2026-01-27 09:46:19,610] 44 root - INFO - Ingestion of data is completed
[2026-01-27 09:46:19,650] 76 root - INFO - Train and test data loaded successfully
[2026-01-27 09:46:19,651] 56 root - INFO - Numerical and categorical pipelines created
[2026-01-27 09:46:19,652] 88 root - INFO - Applying preprocessing on training and testing data
[2026-01-27 09:46:19,679] 21 root - INFO - Object saved successfully at artifacts\preprocessor.pkl
[2026-01-27 09:46:19,679] 112 root - INFO - Data transformation completed successfully
[2026-01-27 09:46:19,679] 34 root - INFO - Splitting training and testing input data
[2026-01-27 09:46:19,680] 34 root - INFO - Training model: Random Forest
[2026-01-27 09:46:56,338] 49 root - INFO - Random Forest best params: {'max_depth': 10, 'max_features': 'sqrt', 'min_samples_leaf': 1, 'min_samples_split': 2, 'n_estimators': 200}
[2026-01-27 09:46:56,347] 60 root - INFO - Random Forest R2 Score: 0.8247866455106196
[2026-01-27 09:46:56,348] 34 root - INFO - Training model: Decision Tree
[2026-01-27 09:46:56,747] 49 root - INFO - Decision Tree best params: {'max_depth': 5, 'max_features': None, 'min_samples_leaf': 4, 'min_samples_split': 2}
[2026-01-27 09:46:56,748] 60 root - INFO - Decision Tree R2 Score: 0.8240836604319065
[2026-01-27 09:46:56,748] 34 root - INFO - Training model: Gradient Boosting
[2026-01-27 09:47:12,177] 49 root - INFO - Gradient Boosting best params: {'learning_rate': 0.05, 'max_depth': 3, 'min_samples_split': 5, 'n_estimators': 200, 'subsample': 0.8}
[2026-01-27 09:47:12,178] 60 root - INFO - Gradient Boosting R2 Score: 0.8739204603280353
[2026-01-27 09:47:12,178] 34 root - INFO - Training model: Linear Regression
[2026-01-27 09:47:12,209] 49 root - INFO - Linear Regression best params: {'fit_intercept': True}
[2026-01-27 09:47:12,210] 60 root - INFO - Linear Regression R2 Score: 0.8804332983749564
[2026-01-27 09:47:12,210] 34 root - INFO - Training model: XGB Regressor
[2026-01-27 09:47:44,003] 49 root - INFO - XGB Regressor best params: {'colsample_bytree': 0.8, 'learning_rate': 0.1, 'max_depth': 3, 'n_estimators': 100, 'reg_alpha': 1, 'reg_lambda': 2, 'subsample': 0.8}
[2026-01-27 09:47:44,005] 60 root - INFO - XGB Regressor R2 Score: 0.8657176935329296
[2026-01-27 09:47:44,005] 34 root - INFO - Training model: CatBoost Regressor
[2026-01-27 09:48:01,178] 49 root - INFO - CatBoost Regressor best params: {'depth': 4, 'iterations': 200, 'l2_leaf_reg': 3, 'learning_rate': 0.05}
[2026-01-27 09:48:01,181] 60 root - INFO - CatBoost Regressor R2 Score: 0.86970507719983
[2026-01-27 09:48:01,181] 34 root - INFO - Training model: AdaBoost Regressor
[2026-01-27 09:48:05,713] 49 root - INFO - AdaBoost Regressor best params: {'learning_rate': 1.0, 'loss': 'exponential', 'n_estimators': 200}
[2026-01-27 09:48:05,726] 60 root - INFO - AdaBoost Regressor R2 Score: 0.8490301623021654
[2026-01-27 09:48:05,726] 34 root - INFO - Training model: KNeighbors Regressor
[2026-01-27 09:48:06,111] 49 root - INFO - KNeighbors Regressor best params: {'metric': 'manhattan', 'n_neighbors': 15, 'weights': 'distance'}
[2026-01-27 09:48:08,045] 60 root - INFO - KNeighbors Regressor R2 Score: 0.5886807802708585
[2026-01-27 09:48:08,045] 133 root - INFO - Models evaluation completed
[2026-01-27 09:48:08,045] 143 root - INFO - Best model found: Linear Regression with score 0.8804332983749564
[2026-01-27 09:48:08,045] 147 root - INFO - Saving the best model object
[2026-01-27 09:48:08,057] 21 root - INFO - Object saved successfully at artifacts\model.pkl
[2026-01-27 09:48:08,058] 161 root - ERROR - Exception occurred in model trainer
