[2026-01-27 10:00:33,532] 29 root - INFO - Data Ingestion started
[2026-01-27 10:00:33,544] 32 root - INFO - Dataset read as pandas dataframe
[2026-01-27 10:00:33,552] 37 root - INFO - Raw data saved
[2026-01-27 10:00:33,561] 44 root - INFO - Ingestion of data is completed
[2026-01-27 10:00:33,609] 76 root - INFO - Train and test data loaded successfully
[2026-01-27 10:00:33,609] 56 root - INFO - Numerical and categorical pipelines created
[2026-01-27 10:00:33,611] 88 root - INFO - Applying preprocessing on training and testing data
[2026-01-27 10:00:33,642] 22 root - INFO - Object saved successfully at artifacts\preprocessor.pkl
[2026-01-27 10:00:33,642] 112 root - INFO - Data transformation completed successfully
[2026-01-27 10:00:33,642] 33 root - INFO - Splitting training and testing data
[2026-01-27 10:00:33,642] 54 root - INFO - Training model: Random Forest
[2026-01-27 10:00:43,604] 69 root - INFO - Random Forest best params: {'max_depth': 10, 'max_features': 'sqrt', 'min_samples_leaf': 1, 'min_samples_split': 2, 'n_estimators': 200}
[2026-01-27 10:00:43,788] 82 root - INFO - Random Forest R2 Score: 0.8238204704740055
[2026-01-27 10:00:43,788] 54 root - INFO - Training model: Decision Tree
[2026-01-27 10:00:43,846] 69 root - INFO - Decision Tree best params: {'max_depth': 10, 'min_samples_leaf': 2, 'min_samples_split': 5}
[2026-01-27 10:00:43,848] 82 root - INFO - Decision Tree R2 Score: 0.7944625564072587
[2026-01-27 10:00:43,848] 54 root - INFO - Training model: Gradient Boosting
[2026-01-27 10:00:44,477] 69 root - INFO - Gradient Boosting best params: {'learning_rate': 0.05, 'max_depth': 3, 'n_estimators': 200}
[2026-01-27 10:00:44,621] 82 root - INFO - Gradient Boosting R2 Score: 0.8734735756249803
[2026-01-27 10:00:44,621] 54 root - INFO - Training model: Linear Regression
[2026-01-27 10:00:44,649] 69 root - INFO - Linear Regression best params: {'fit_intercept': True}
[2026-01-27 10:00:44,652] 82 root - INFO - Linear Regression R2 Score: 0.8804332983749564
[2026-01-27 10:00:44,652] 54 root - INFO - Training model: XGB Regressor
[2026-01-27 10:00:45,356] 69 root - INFO - XGB Regressor best params: {'colsample_bytree': 1.0, 'learning_rate': 0.05, 'max_depth': 3, 'n_estimators': 200, 'subsample': 0.8}
[2026-01-27 10:00:45,404] 82 root - INFO - XGB Regressor R2 Score: 0.867964218459135
[2026-01-27 10:00:45,404] 54 root - INFO - Training model: CatBoost Regressor
[2026-01-27 10:00:47,034] 69 root - INFO - CatBoost Regressor best params: {'depth': 4, 'iterations': 200, 'learning_rate': 0.05}
[2026-01-27 10:00:47,140] 82 root - INFO - CatBoost Regressor R2 Score: 0.871170491113103
[2026-01-27 10:00:47,141] 54 root - INFO - Training model: AdaBoost Regressor
[2026-01-27 10:00:47,481] 69 root - INFO - AdaBoost Regressor best params: {'learning_rate': 0.1, 'n_estimators': 100}
[2026-01-27 10:00:47,650] 82 root - INFO - AdaBoost Regressor R2 Score: 0.8343877317086168
[2026-01-27 10:00:47,650] 54 root - INFO - Training model: KNeighbors Regressor
[2026-01-27 10:00:47,959] 69 root - INFO - KNeighbors Regressor best params: {'n_neighbors': 7, 'weights': 'distance'}
[2026-01-27 10:00:50,041] 82 root - INFO - KNeighbors Regressor R2 Score: 0.5562098996538816
[2026-01-27 10:00:50,041] 54 root - INFO - Training model: Lasso
[2026-01-27 10:00:50,091] 69 root - INFO - Lasso best params: {'alpha': 0.01, 'max_iter': 2000}
[2026-01-27 10:00:50,093] 82 root - INFO - Lasso R2 Score: 0.8806792203277674
[2026-01-27 10:00:50,093] 54 root - INFO - Training model: Ridge
[2026-01-27 10:00:50,123] 69 root - INFO - Ridge best params: {'alpha': 1}
[2026-01-27 10:00:50,124] 82 root - INFO - Ridge R2 Score: 0.8805671790733922
[2026-01-27 10:00:50,124] 54 root - INFO - Training model: ElasticNet
[2026-01-27 10:00:50,236] 69 root - INFO - ElasticNet best params: {'alpha': 0.01, 'l1_ratio': 0.5, 'max_iter': 2000}
[2026-01-27 10:00:50,243] 82 root - INFO - ElasticNet R2 Score: 0.8808642728954642
[2026-01-27 10:00:50,243] 137 root - INFO - Best model found: ElasticNet with R2 Score: 0.8808642728954642
[2026-01-27 10:00:50,258] 22 root - INFO - Object saved successfully at artifacts\model.pkl
