[2026-01-25 14:29:42,222] 29 root - INFO - Data Ingestion started
[2026-01-25 14:29:42,245] 32 root - INFO - Dataset read as pandas dataframe
[2026-01-25 14:29:42,254] 37 root - INFO - Raw data saved
[2026-01-25 14:29:42,263] 44 root - INFO - Ingestion of data is completed
[2026-01-25 14:29:42,324] 76 root - INFO - Train and test data loaded successfully
[2026-01-25 14:29:42,324] 56 root - INFO - Numerical and categorical pipelines created
[2026-01-25 14:29:42,326] 88 root - INFO - Applying preprocessing on training and testing data
[2026-01-25 14:29:42,358] 20 root - INFO - Object saved successfully at artifacts\preprocessor.pkl
[2026-01-25 14:29:42,358] 112 root - INFO - Data transformation completed successfully
[2026-01-25 14:29:42,358] 34 root - INFO - Splitting training and testing input data
[2026-01-25 14:29:42,841] 34 root - INFO - Random Forest R2 Score: 0.8522864196726087
[2026-01-25 14:29:42,851] 34 root - INFO - Decision Tree R2 Score: 0.768162361550828
[2026-01-25 14:29:43,014] 34 root - INFO - Gradient Boosting R2 Score: 0.872732708224206
[2026-01-25 14:29:43,018] 34 root - INFO - Linear Regression R2 Score: 0.8804332983749564
[2026-01-25 14:29:43,082] 34 root - INFO - XGB Regressor R2 Score: 0.8212204901494256
[2026-01-25 14:29:43,853] 34 root - INFO - CatBoost Regressor R2 Score: 0.8518305378322716
[2026-01-25 14:29:43,949] 34 root - INFO - AdaBoost Regressor R2 Score: 0.8531987352269168
[2026-01-25 14:29:46,056] 34 root - INFO - KNeighbors Regressor R2 Score: 0.47561174068704326
[2026-01-25 14:29:46,058] 34 root - INFO - Lasso R2 Score: 0.8564341512770285
[2026-01-25 14:29:46,072] 34 root - INFO - Ridge R2 Score: 0.8805671790733922
[2026-01-25 14:29:46,074] 34 root - INFO - ElasticNet R2 Score: 0.796141330437906
[2026-01-25 14:29:46,074] 58 root - INFO - Models evaluation completed
[2026-01-25 14:29:46,074] 68 root - INFO - Best model found: Ridge with score 0.8805671790733922
[2026-01-25 14:29:46,074] 72 root - INFO - Saving the best model object
[2026-01-25 14:29:46,078] 20 root - INFO - Object saved successfully at artifacts\model.pkl
