[2026-01-27 10:06:31,151] 29 root - INFO - Data Ingestion started
[2026-01-27 10:06:31,156] 32 root - INFO - Dataset read as pandas dataframe
[2026-01-27 10:06:31,161] 37 root - INFO - Raw data saved
[2026-01-27 10:06:31,166] 44 root - INFO - Ingestion of data is completed
[2026-01-27 10:06:31,207] 76 root - INFO - Train and test data loaded successfully
[2026-01-27 10:06:31,207] 56 root - INFO - Numerical and categorical pipelines created
[2026-01-27 10:06:31,209] 88 root - INFO - Applying preprocessing on training and testing data
[2026-01-27 10:06:31,225] 22 root - INFO - Object saved successfully at artifacts\preprocessor.pkl
[2026-01-27 10:06:31,225] 112 root - INFO - Data transformation completed successfully
[2026-01-27 10:06:31,225] 33 root - INFO - Splitting training and testing data
[2026-01-27 10:06:31,225] 54 root - INFO - Training model: Random Forest
[2026-01-27 10:07:20,695] 69 root - INFO - Random Forest best params: {'max_depth': None, 'max_features': None, 'min_samples_leaf': 1, 'min_samples_split': 10, 'n_estimators': 300}
[2026-01-27 10:07:21,100] 82 root - INFO - Random Forest R2 Score: 0.8544203445741952
[2026-01-27 10:07:21,101] 54 root - INFO - Training model: Decision Tree
[2026-01-27 10:07:21,307] 69 root - INFO - Decision Tree best params: {'criterion': 'squared_error', 'max_depth': 5, 'min_samples_leaf': 4, 'min_samples_split': 2}
[2026-01-27 10:07:21,309] 82 root - INFO - Decision Tree R2 Score: 0.8240836604319065
[2026-01-27 10:07:21,309] 54 root - INFO - Training model: Gradient Boosting
[2026-01-27 10:07:35,023] 69 root - INFO - Gradient Boosting best params: {'learning_rate': 0.05, 'max_depth': 3, 'min_samples_split': 5, 'n_estimators': 100, 'subsample': 0.8}
[2026-01-27 10:07:35,104] 82 root - INFO - Gradient Boosting R2 Score: 0.8709190651165641
[2026-01-27 10:07:35,104] 54 root - INFO - Training model: Linear Regression
[2026-01-27 10:07:35,105] 82 root - INFO - Linear Regression R2 Score: 0.8804332983749564
[2026-01-27 10:07:35,105] 54 root - INFO - Training model: XGB Regressor
[2026-01-27 10:08:43,929] 69 root - INFO - XGB Regressor best params: {'colsample_bytree': 1.0, 'gamma': 0, 'learning_rate': 0.05, 'max_depth': 3, 'min_child_weight': 5, 'n_estimators': 200, 'subsample': 0.7}
[2026-01-27 10:08:43,978] 82 root - INFO - XGB Regressor R2 Score: 0.8716046309270132
[2026-01-27 10:08:43,979] 54 root - INFO - Training model: CatBoost Regressor
[2026-01-27 10:09:00,371] 69 root - INFO - CatBoost Regressor best params: {'depth': 4, 'iterations': 200, 'l2_leaf_reg': 1, 'learning_rate': 0.05}
[2026-01-27 10:09:00,498] 82 root - INFO - CatBoost Regressor R2 Score: 0.872272615798505
[2026-01-27 10:09:00,498] 54 root - INFO - Training model: AdaBoost Regressor
[2026-01-27 10:09:02,182] 69 root - INFO - AdaBoost Regressor best params: {'learning_rate': 1.0, 'n_estimators': 200}
[2026-01-27 10:09:02,477] 82 root - INFO - AdaBoost Regressor R2 Score: 0.85338694005692
[2026-01-27 10:09:02,478] 54 root - INFO - Training model: KNeighbors Regressor
[2026-01-27 10:09:02,931] 69 root - INFO - KNeighbors Regressor best params: {'algorithm': 'ball_tree', 'n_neighbors': 11, 'weights': 'distance'}
[2026-01-27 10:09:02,935] 82 root - INFO - KNeighbors Regressor R2 Score: 0.5807113170723197
[2026-01-27 10:09:02,935] 54 root - INFO - Training model: Lasso
[2026-01-27 10:09:03,095] 69 root - INFO - Lasso best params: {'alpha': 0.01, 'max_iter': 5000, 'selection': 'random'}
[2026-01-27 10:09:03,101] 82 root - INFO - Lasso R2 Score: 0.8806690979417604
[2026-01-27 10:09:03,102] 54 root - INFO - Training model: Ridge
[2026-01-27 10:09:03,199] 69 root - INFO - Ridge best params: {'alpha': 1, 'solver': 'auto'}
[2026-01-27 10:09:03,201] 82 root - INFO - Ridge R2 Score: 0.8805671790733922
[2026-01-27 10:09:03,201] 54 root - INFO - Training model: ElasticNet
[2026-01-27 10:09:03,985] 69 root - INFO - ElasticNet best params: {'alpha': 0.01, 'l1_ratio': 0.5, 'max_iter': 5000, 'selection': 'random'}
[2026-01-27 10:09:03,990] 82 root - INFO - ElasticNet R2 Score: 0.8808430261854019
[2026-01-27 10:09:03,990] 145 root - INFO - Best model found: ElasticNet with R2 Score: 0.8808430261854019
[2026-01-27 10:09:04,004] 22 root - INFO - Object saved successfully at artifacts\model.pkl
